Wed Jun 14 09:34:55 CST 2017  [debug] AvalonLogSystem initialized using logfile 'D:\MyEclipse\workspace\.metadata\.plugins\com.genuitec.eclipse.templates\velocity.log'
Wed Jun 14 09:34:55 CST 2017   [info] ************************************************************** 
Wed Jun 14 09:34:55 CST 2017   [info] Starting Jakarta Velocity v1.4
Wed Jun 14 09:34:55 CST 2017   [info] RuntimeInstance initializing.
Wed Jun 14 09:34:55 CST 2017   [info] Default Properties File: org\apache\velocity\runtime\defaults\velocity.properties
Wed Jun 14 09:34:55 CST 2017   [info] Trying to use logger class org.apache.velocity.runtime.log.AvalonLogSystem
Wed Jun 14 09:34:55 CST 2017   [info] Using logger class org.apache.velocity.runtime.log.AvalonLogSystem
Wed Jun 14 09:34:55 CST 2017   [info] Default ResourceManager initializing. (class org.apache.velocity.runtime.resource.ResourceManagerImpl)
Wed Jun 14 09:34:55 CST 2017   [info] Resource Loader Instantiated: com.genuitec.eclipse.templates.internal.PluginResourceLoader
Wed Jun 14 09:34:55 CST 2017   [info] ResourceCache : initialized. (class org.apache.velocity.runtime.resource.ResourceCacheImpl)
Wed Jun 14 09:34:55 CST 2017   [info] Default ResourceManager initialization complete.
Wed Jun 14 09:34:55 CST 2017   [info] Loaded System Directive: org.apache.velocity.runtime.directive.Literal
Wed Jun 14 09:34:55 CST 2017   [info] Loaded System Directive: org.apache.velocity.runtime.directive.Macro
Wed Jun 14 09:34:55 CST 2017   [info] Loaded System Directive: org.apache.velocity.runtime.directive.Parse
Wed Jun 14 09:34:55 CST 2017   [info] Loaded System Directive: org.apache.velocity.runtime.directive.Include
Wed Jun 14 09:34:55 CST 2017   [info] Loaded System Directive: org.apache.velocity.runtime.directive.Foreach
Wed Jun 14 09:34:55 CST 2017   [info] Created: 20 parsers.
Wed Jun 14 09:34:55 CST 2017   [info] Velocimacro : initialization starting.
Wed Jun 14 09:34:55 CST 2017   [info] Velocimacro : adding VMs from VM library template : VM_global_library.vm
Wed Jun 14 09:34:55 CST 2017   [info] ResourceManager : found VM_global_library.vm with loader com.genuitec.eclipse.templates.internal.PluginResourceLoader
Wed Jun 14 09:34:55 CST 2017   [info] Velocimacro :  VM library template macro registration complete.
Wed Jun 14 09:34:55 CST 2017   [info] Velocimacro : allowInline = true : VMs can be defined inline in templates
Wed Jun 14 09:34:55 CST 2017   [info] Velocimacro : allowInlineToOverride = true : VMs defined inline may replace previous VM definitions
Wed Jun 14 09:34:55 CST 2017   [info] Velocimacro : allowInlineLocal = true : VMs defined inline will be local to their defining template only.
Wed Jun 14 09:34:55 CST 2017   [info] Velocimacro : messages on  : VM system will output logging messages
Wed Jun 14 09:34:55 CST 2017   [info] Velocimacro : autoload off  : VM system will not automatically reload global library macros
Wed Jun 14 09:34:55 CST 2017   [info] Velocimacro : initialization complete.
Wed Jun 14 09:34:55 CST 2017   [info] Velocity successfully started.
Wed Jun 14 09:34:55 CST 2017   [info] ResourceManager : found data/1.2/applicationContext-template-2.xml.vtl with loader com.genuitec.eclipse.templates.internal.PluginResourceLoader
